0 info it worked if it ends with ok
1 verbose cli [ 'node', '/usr/local/bin/npm', 'install', 'noduino', '-g' ]
2 info using npm@1.1.48
3 info using node@v0.8.6
4 verbose node symlink /usr/local/bin/node
5 verbose config file /Users/viljoen8504/.npmrc
6 verbose config file /usr/local/etc/npmrc
7 verbose config file /usr/local/lib/node_modules/npm/npmrc
8 verbose read json /usr/local/lib/package.json
9 verbose read json /usr/local/lib/package.json
10 verbose cache add [ 'noduino', null ]
11 silly cache add name=undefined spec="noduino" args=["noduino",null]
12 verbose parsed url { pathname: 'noduino', path: 'noduino', href: 'noduino' }
13 silly lockFile 54aa31c9-noduino noduino
14 verbose lock noduino /Users/viljoen8504/.npm/54aa31c9-noduino.lock
15 silly lockFile 54aa31c9-noduino noduino
16 verbose addNamed [ 'noduino', '' ]
17 verbose addNamed [ null, '' ]
18 silly lockFile 6908b7ed-noduino noduino@
19 verbose lock noduino@ /Users/viljoen8504/.npm/6908b7ed-noduino.lock
20 silly addNameRange { name: 'noduino', range: '', hasData: false }
21 verbose url raw noduino
22 verbose url resolving [ 'https://registry.npmjs.org/', './noduino' ]
23 verbose url resolved https://registry.npmjs.org/noduino
24 info retry registry request attempt 1 at 11:05:11
25 http GET https://registry.npmjs.org/noduino
26 http 404 https://registry.npmjs.org/noduino
27 silly registry.get cb [ 404,
27 silly registry.get   { server: 'CouchDB/1.2.0 (Erlang OTP/R15B)',
27 silly registry.get     date: 'Wed, 22 Aug 2012 10:05:12 GMT',
27 silly registry.get     'content-type': 'application/json',
27 silly registry.get     'content-length': '52',
27 silly registry.get     'cache-control': 'must-revalidate' } ]
28 silly lockFile 6908b7ed-noduino noduino@
29 error 404 'noduino' is not in the npm registry.
29 error 404 You should bug the author to publish it
29 error 404
29 error 404 Note that you can also install from a
29 error 404 tarball, folder, or http url, or git url.
30 error System Darwin 12.0.0
31 error command "node" "/usr/local/bin/npm" "install" "noduino" "-g"
32 error cwd /Users/viljoen8504/.bashdots
33 error node -v v0.8.6
34 error npm -v 1.1.48
35 error code E404
36 verbose exit [ 1, true ]
